[debug] [2023-05-01T04:36:02.768Z] ----------------------------------------------------------------------
[debug] [2023-05-01T04:36:02.770Z] Command:       /opt/homebrew/Cellar/node/19.5.0/bin/node /opt/homebrew/bin/firebase init
[debug] [2023-05-01T04:36:02.771Z] CLI Version:   11.29.1
[debug] [2023-05-01T04:36:02.771Z] Platform:      darwin
[debug] [2023-05-01T04:36:02.771Z] Node Version:  v19.5.0
[debug] [2023-05-01T04:36:02.771Z] Time:          Sun Apr 30 2023 21:36:02 GMT-0700 (Pacific Daylight Time)
[debug] [2023-05-01T04:36:02.771Z] ----------------------------------------------------------------------
[debug] 
[debug] [2023-05-01T04:36:02.774Z] > command requires scopes: ["email","openid","https://www.googleapis.com/auth/cloudplatformprojects.readonly","https://www.googleapis.com/auth/firebase","https://www.googleapis.com/auth/cloud-platform"]
[debug] [2023-05-01T04:36:02.774Z] > authorizing via signed-in user (skiislam00@gmail.com)
[info] 
     ######## #### ########  ######## ########     ###     ######  ########
     ##        ##  ##     ## ##       ##     ##  ##   ##  ##       ##
     ######    ##  ########  ######   ########  #########  ######  ######
     ##        ##  ##    ##  ##       ##     ## ##     ##       ## ##
     ##       #### ##     ## ######## ########  ##     ##  ######  ########

You're about to initialize a Firebase project in this directory:

  /Users/shaheenislam/Desktop/ScuffedCompetitionv2/scuffedcompetitionv2

[info] 
=== Project Setup
[info] 
[info] First, let's associate this project directory with a Firebase project.
[info] You can create multiple project aliases by running firebase use --add, 
[info] but for now we'll just set up a default project.
[info] 
[debug] [2023-05-01T04:36:11.214Z] >>> [apiv2][query] GET https://firebase.googleapis.com/v1beta1/projects pageSize=100
[debug] [2023-05-01T04:36:11.898Z] <<< [apiv2][status] GET https://firebase.googleapis.com/v1beta1/projects 200
[debug] [2023-05-01T04:36:11.899Z] <<< [apiv2][body] GET https://firebase.googleapis.com/v1beta1/projects [omitted]
[info] i  Using project scuffcompetitionv2 (ScuffCompetitionV2) 
[info] 
=== Database Setup
[info] i  database: ensuring required API firebasedatabase.googleapis.com is enabled... 
[debug] [2023-05-01T04:36:12.549Z] >>> [apiv2][query] GET https://serviceusage.googleapis.com/v1/projects/scuffcompetitionv2/services/firebasedatabase.googleapis.com [none]
[debug] [2023-05-01T04:36:12.549Z] >>> [apiv2][(partial)header] GET https://serviceusage.googleapis.com/v1/projects/scuffcompetitionv2/services/firebasedatabase.googleapis.com x-goog-quota-user=projects/scuffcompetitionv2
[debug] [2023-05-01T04:36:12.928Z] <<< [apiv2][status] GET https://serviceusage.googleapis.com/v1/projects/scuffcompetitionv2/services/firebasedatabase.googleapis.com 200
[debug] [2023-05-01T04:36:12.928Z] <<< [apiv2][body] GET https://serviceusage.googleapis.com/v1/projects/scuffcompetitionv2/services/firebasedatabase.googleapis.com [omitted]
[info] ✔  database: required API firebasedatabase.googleapis.com is enabled 
[info] 
[debug] [2023-05-01T04:36:12.930Z] >>> [apiv2][query] GET https://firebasedatabase.googleapis.com/v1beta/projects/scuffcompetitionv2/locations/-/instances/scuffcompetitionv2-default-rtdb [none]
[debug] [2023-05-01T04:36:13.289Z] <<< [apiv2][status] GET https://firebasedatabase.googleapis.com/v1beta/projects/scuffcompetitionv2/locations/-/instances/scuffcompetitionv2-default-rtdb 200
[debug] [2023-05-01T04:36:13.289Z] <<< [apiv2][body] GET https://firebasedatabase.googleapis.com/v1beta/projects/scuffcompetitionv2/locations/-/instances/scuffcompetitionv2-default-rtdb {"name":"projects/253391049764/locations/us-central1/instances/scuffcompetitionv2-default-rtdb","project":"projects/253391049764","databaseUrl":"https://scuffcompetitionv2-default-rtdb.firebaseio.com","type":"DEFAULT_DATABASE","state":"ACTIVE"}
[info] 
[info] Firebase Realtime Database Security Rules allow you to define how your data should be
[info] structured and when your data can be read from and written to.
[info] 
